00:00:00.007737 main     VirtualBox COM Server 4.1.34 r3383183560 win.amd64 (Jul 26 2022 16:16:15) release log
00:00:00.007743 main     Log opened 2024-12-08T08:22:40.379568900Z
00:00:00.007744 main     Build Type: release
00:00:00.007753 main     OS Product: Windows 11
00:00:00.007755 main     OS Release: 10.0.22631
00:00:00.007755 main     OS Service Pack: 
00:00:00.045625 main     DMI Product Name: Thin 15 B12UCX
00:00:00.064228 main     DMI Product Version: REV:1.0
00:00:00.064243 main     Firmware type: UEFI
00:00:00.064930 main     Secure Boot: Enabled
00:00:00.064943 main     Host RAM: 7895MB (7.7GB) total, 1890MB available
00:00:00.064949 main     Executable: C:\Program Files\ldplayer9box\Ld9BoxSVC.exe
00:00:00.064950 main     Process ID: 15072
00:00:00.064950 main     Package type: WINDOWS_64BITS_GENERIC (OSE)
00:00:00.225087          VirtualBox: object creation starts
00:00:00.225260          Home directory: 'C:\Users\user\.Ld9VirtualBox'
00:00:00.225406          Installed Drivers:
00:00:00.236528          USBLibInit: USB Service not found
00:00:00.423801          netIfGetBoundAdapters: could not find either 'oracle_VBoxNetLwf' or 'sun_VBoxNetFlt' components (0x1)
00:00:00.428456          HostDnsMonitor: initializing
00:00:00.442250          HostDnsMonitor: updating information
00:00:00.442337          HostDnsMonitor: old information
00:00:00.442342            no server entries
00:00:00.442347            no domain set
00:00:00.442351            no search string entries
00:00:00.442355          HostDnsMonitor: new information
00:00:00.442359            server 1: 192.168.1.1
00:00:00.442364            domain: Home
00:00:00.442368            no search string entries
00:00:00.447150          VD: VDInit finished with VINF_SUCCESS
00:00:00.447497          ERROR [COM]: aRC=E_FAIL (0x80004005) aIID={20191216-929c-40e8-bf16-fea557cd8e7e} aComponent={SystemPropertiesWrap} aText={Cannot determine default Guest Additions ISO location. Most likely they are not available}, preserve=false aResultDetail=0
00:00:00.449170          VirtualBox: object created
00:00:00.470592          ERROR [COM]: aRC=VBOX_E_OBJECT_NOT_FOUND (0x80bb0001) aIID={20191216-e254-4e5b-a1f2-011cf991c38d} aComponent={VirtualBoxWrap} aText={Could not find a registered machine with UUID {20160302-aaaa-aaaa-2906-000000000000}}, preserve=false aResultDetail=0
00:00:00.474530          Loading settings file "E:\LDPlayer\LDPlayer9\vms\leidian0\leidian.vbox" with version "1.18-windows"
00:00:00.477079          Saving settings file "C:\Users\user\.Ld9VirtualBox\VirtualBox.xml" with version "1.12-windows"
00:00:00.484266          ERROR [COM]: aRC=VBOX_E_OBJECT_NOT_FOUND (0x80bb0001) aIID={20191216-b5bb-4316-a900-5eb28d3413df} aComponent={SessionMachine} aText={Could not find a shared folder named 'Applications'}, preserve=false aResultDetail=0
00:00:00.484830          ERROR [COM]: aRC=VBOX_E_OBJECT_NOT_FOUND (0x80bb0001) aIID={20191216-b5bb-4316-a900-5eb28d3413df} aComponent={SessionMachine} aText={Could not find a shared folder named 'Bug'}, preserve=false aResultDetail=0
00:00:00.485287          ERROR [COM]: aRC=VBOX_E_OBJECT_NOT_FOUND (0x80bb0001) aIID={20191216-b5bb-4316-a900-5eb28d3413df} aComponent={SessionMachine} aText={Could not find a shared folder named 'Misc'}, preserve=false aResultDetail=0
00:00:00.485709          ERROR [COM]: aRC=VBOX_E_OBJECT_NOT_FOUND (0x80bb0001) aIID={20191216-b5bb-4316-a900-5eb28d3413df} aComponent={SessionMachine} aText={Could not find a shared folder named 'Pictures'}, preserve=false aResultDetail=0
00:00:00.504894          netIfGetBoundAdapters: could not find either 'oracle_VBoxNetLwf' or 'sun_VBoxNetFlt' components (0x1)
00:00:00.511304          ERROR [COM]: aRC=VBOX_E_OBJECT_NOT_FOUND (0x80bb0001) aIID={20191216-b5bb-4316-a900-5eb28d3413df} aComponent={SessionMachine} aText={No storage device attached to device slot 0 on port 0 of controller 'VirtIO'}, preserve=false aResultDetail=0
00:00:00.513060          ERROR [COM]: aRC=VBOX_E_OBJECT_NOT_FOUND (0x80bb0001) aIID={20191216-b5bb-4316-a900-5eb28d3413df} aComponent={SessionMachine} aText={No storage device attached to device slot 0 on port 2 of controller 'VirtIO'}, preserve=false aResultDetail=0
00:00:00.558245          Saving settings file "C:\Users\user\.Ld9VirtualBox\VirtualBox.xml" with version "1.12-windows"
00:00:00.562672          Saving settings file "E:\LDPlayer\LDPlayer9\vms\leidian0\leidian.vbox" with version "1.18-windows"
00:00:00.754669          Launched VM: 29078720 pid: 2548 (0x9f4) frontend: headless name: leidian0
00:00:00.990721          WARNING [COM]: aRC=E_FAIL (0x80004005) aIID={20191216-5fdc-4aba-aff5-6a39bbd7c38b} aComponent={HostWrap} aText={Could not load the Host USB Proxy Service (VERR_FILE_NOT_FOUND). The service might not be installed on the host computer}, preserve=true  aResultDetail=0
00:02:18.038128          ERROR [COM]: aRC=VBOX_E_INVALID_OBJECT_STATE (0x80bb0007) aIID={20191216-b5bb-4316-a900-5eb28d3413df} aComponent={MachineWrap} aText={The given session is busy}, preserve=false aResultDetail=0
00:02:18.039856          Saving settings file "E:\LDPlayer\LDPlayer9\vms\leidian0\leidian.vbox" with version "1.18-windows"
00:02:19.857728          Saving settings file "E:\LDPlayer\LDPlayer9\vms\leidian0\leidian.vbox" with version "1.18-windows"
